<?xml version="1.0" encoding="UTF-8"?>
<!-- Generated by org.testng.reporters.JUnitReportReporter -->
<testsuite hostname="DESKTOP-007FSC6" failures="0" tests="3" name="runner.TestRunner" time="22.520" errors="0" timestamp="2026-04-25T10:07:31 IST" skipped="0">
  <testcase classname="runner.TestRunner" name="runScenario" time="4.944"/>
  <testcase classname="runner.TestRunner" name="runScenario" time="12.466"/>
  <testcase classname="runner.TestRunner" name="runScenario" time="5.110"/>
</testsuite> <!-- runner.TestRunner -->
